<?xml version="1.0" encoding="UTF-8"?>
<!-- Generated by org.testng.reporters.JUnitXMLReporter -->
<testsuite ignored="1" hostname="GODHEAVEN" failures="0" tests="14" name="TestCaseReport" time="97.842" errors="0" timestamp="2024-07-02T22:39:35 IST">
  <testcase classname="july_1.PriorityIgnoreInvocation" name="@BeforeMethod setUp" time="14.692">
    <failure type="org.openqa.selenium.NoSuchElementException" message="no such element: Unable to locate element: {&amp;quot;method&amp;quot;:&amp;quot;css selector&amp;quot;,&amp;quot;selector&amp;quot;:&amp;quot;*[name=&amp;apos;txtuId&amp;apos;]&amp;quot;}
  (Session info: chrome=126.0.6478.127)
For documentation on this error, please visit: https://www.selenium.dev/documentation/webdriver/troubleshooting/errors#no-such-element-exception
Build info: version: &amp;apos;4.18.0&amp;apos;, revision: &amp;apos;b6bf9de7cc&amp;apos;
System info: os.name: &amp;apos;Windows 11&amp;apos;, os.arch: &amp;apos;amd64&amp;apos;, os.version: &amp;apos;10.0&amp;apos;, java.version: &amp;apos;17.0.11&amp;apos;
Driver info: org.openqa.selenium.chrome.ChromeDriver
Command: [031e4e5c30a4c3d25a54cb16f7d28043, findElement {using=name, value=txtuId}]
Capabilities {acceptInsecureCerts: false, browserName: chrome, browserVersion: 126.0.6478.127, chrome: {chromedriverVersion: 126.0.6478.126 (d36ace6122e..., userDataDir: C:\Users\uccha\AppData\Loca...}, fedcm:accounts: true, goog:chromeOptions: {debuggerAddress: localhost:57914}, networkConnectionEnabled: false, pageLoadStrategy: normal, platformName: windows, proxy: Proxy(), se:cdp: ws://localhost:57914/devtoo..., se:cdpVersion: 126.0.6478.127, setWindowRect: true, strictFileInteractability: false, timeouts: {implicit: 0, pageLoad: 300000, script: 30000}, unhandledPromptBehavior: dismiss and notify, webauthn:extension:credBlob: true, webauthn:extension:largeBlob: true, webauthn:extension:minPinLength: true, webauthn:extension:prf: true, webauthn:virtualAuthenticators: true}
Session ID: 031e4e5c30a4c3d25a54cb16f7d28043">
      <![CDATA[org.openqa.selenium.NoSuchElementException: no such element: Unable to locate element: {"method":"css selector","selector":"*[name='txtuId']"}
  (Session info: chrome=126.0.6478.127)
For documentation on this error, please visit: https://www.selenium.dev/documentation/webdriver/troubleshooting/errors#no-such-element-exception
Build info: version: '4.18.0', revision: 'b6bf9de7cc'
System info: os.name: 'Windows 11', os.arch: 'amd64', os.version: '10.0', java.version: '17.0.11'
Driver info: org.openqa.selenium.chrome.ChromeDriver
Command: [031e4e5c30a4c3d25a54cb16f7d28043, findElement {using=name, value=txtuId}]
Capabilities {acceptInsecureCerts: false, browserName: chrome, browserVersion: 126.0.6478.127, chrome: {chromedriverVersion: 126.0.6478.126 (d36ace6122e..., userDataDir: C:\Users\uccha\AppData\Loca...}, fedcm:accounts: true, goog:chromeOptions: {debuggerAddress: localhost:57914}, networkConnectionEnabled: false, pageLoadStrategy: normal, platformName: windows, proxy: Proxy(), se:cdp: ws://localhost:57914/devtoo..., se:cdpVersion: 126.0.6478.127, setWindowRect: true, strictFileInteractability: false, timeouts: {implicit: 0, pageLoad: 300000, script: 30000}, unhandledPromptBehavior: dismiss and notify, webauthn:extension:credBlob: true, webauthn:extension:largeBlob: true, webauthn:extension:minPinLength: true, webauthn:extension:prf: true, webauthn:virtualAuthenticators: true}
Session ID: 031e4e5c30a4c3d25a54cb16f7d28043
at org.openqa.selenium.remote.ErrorCodec.decode(ErrorCodec.java:167)
at org.openqa.selenium.remote.codec.w3c.W3CHttpResponseCodec.decode(W3CHttpResponseCodec.java:138)
at org.openqa.selenium.remote.codec.w3c.W3CHttpResponseCodec.decode(W3CHttpResponseCodec.java:50)
at org.openqa.selenium.remote.HttpCommandExecutor.execute(HttpCommandExecutor.java:190)
at org.openqa.selenium.remote.service.DriverCommandExecutor.invokeExecute(DriverCommandExecutor.java:216)
at org.openqa.selenium.remote.service.DriverCommandExecutor.execute(DriverCommandExecutor.java:174)
at org.openqa.selenium.remote.RemoteWebDriver.execute(RemoteWebDriver.java:519)
at org.openqa.selenium.remote.ElementLocation$ElementFinder$2.findElement(ElementLocation.java:165)
at org.openqa.selenium.remote.ElementLocation.findElement(ElementLocation.java:66)
at org.openqa.selenium.remote.RemoteWebDriver.findElement(RemoteWebDriver.java:356)
at org.openqa.selenium.remote.RemoteWebDriver.findElement(RemoteWebDriver.java:350)
at july_1.PriorityIgnoreInvocation.setUp(PriorityIgnoreInvocation.java:24)
at java.base/java.util.ArrayList.forEach(ArrayList.java:1511)
... Removed 36 stack frames]]>
    </failure>
  </testcase> <!-- @BeforeMethod setUp -->
  <testcase classname="july_1.PriorityIgnoreInvocation" name="@AfterMethod tearDown" time="-1.719940174742E9">
    <skipped/>
  </testcase> <!-- @AfterMethod tearDown -->
  <testcase classname="july_1.BeforeAfterMethod" name="branches" time="1.07"/>
  <testcase classname="july_1.BeforeAfterMethod" name="employees" time="0.759"/>
  <testcase classname="july_1.BeforeAfterMethod" name="roles" time="0.8"/>
  <testcase classname="july_1.BeforeAfterMethod" name="users" time="0.91"/>
  <testcase classname="july_1.DependentMethod" name="admin" time="0.727"/>
  <testcase classname="july_1.DependentMethod" name="pim" time="0.486"/>
  <testcase classname="july_1.DependentMethod" name="leave" time="0.548"/>
  <testcase classname="july_1.DependentMethod" name="time" time="0.494"/>
  <testcase classname="july_1.PriorityIgnoreInvocation" name="branches" time="0.945"/>
  <testcase classname="july_1.PriorityIgnoreInvocation" name="users" time="0.8"/>
  <testcase classname="july_1.PriorityIgnoreInvocation" name="users" time="0.921"/>
  <testcase classname="july_1.PriorityIgnoreInvocation" name="users" time="0.758"/>
  <testcase classname="july_1.PriorityIgnoreInvocation" name="users" time="15.43"/>
  <testcase classname="july_1.PriorityIgnoreInvocation" name="users" time="0.0">
    <skipped/>
  </testcase> <!-- users -->
  <testcase classname="july_1.PriorityIgnoreInvocation" name="roles" time="0.0">
    <ignored/>
  </testcase> <!-- roles -->
</testsuite> <!-- TestCaseReport -->
