<?xml version="1.0" encoding="UTF-8"?>
<!-- Generated by org.testng.reporters.JUnitXMLReporter -->
<testsuite ignored="0" hostname="GODHEAVEN" failures="4" tests="5" name="Chrometest" time="5.759" errors="0" timestamp="2024-07-03T17:05:04 IST">
  <testcase classname="july_3.ParametersCrossBrowsing" name="verifyTitle" time="2.002"/>
  <testcase classname="july_3.ParametersCrossBrowsing" name="verifyTitle" time="0.892">
    <failure type="java.lang.AssertionError" message="Invalid Credentials expected [true] but found [false]">
      <![CDATA[java.lang.AssertionError: Invalid Credentials expected [true] but found [false]
at july_3.ParametersCrossBrowsing.verifyTitle(ParametersCrossBrowsing.java:65)
at java.base/java.util.ArrayList.forEach(ArrayList.java:1511)
... Removed 30 stack frames]]>
    </failure>
  </testcase> <!-- verifyTitle -->
  <testcase classname="july_3.ParametersCrossBrowsing" name="verifyTitle" time="0.477">
    <failure type="java.lang.AssertionError" message="Invalid Credentials expected [true] but found [false]">
      <![CDATA[java.lang.AssertionError: Invalid Credentials expected [true] but found [false]
at july_3.ParametersCrossBrowsing.verifyTitle(ParametersCrossBrowsing.java:65)
at java.base/java.util.ArrayList.forEach(ArrayList.java:1511)
... Removed 30 stack frames]]>
    </failure>
  </testcase> <!-- verifyTitle -->
  <testcase classname="july_3.ParametersCrossBrowsing" name="verifyTitle" time="0.434">
    <failure type="java.lang.AssertionError" message="Invalid Credentials expected [true] but found [false]">
      <![CDATA[java.lang.AssertionError: Invalid Credentials expected [true] but found [false]
at july_3.ParametersCrossBrowsing.verifyTitle(ParametersCrossBrowsing.java:65)
at java.base/java.util.ArrayList.forEach(ArrayList.java:1511)
... Removed 30 stack frames]]>
    </failure>
  </testcase> <!-- verifyTitle -->
  <testcase classname="july_3.ParametersCrossBrowsing" name="verifyTitle" time="0.452">
    <failure type="java.lang.AssertionError" message="Invalid Credentials expected [true] but found [false]">
      <![CDATA[java.lang.AssertionError: Invalid Credentials expected [true] but found [false]
at july_3.ParametersCrossBrowsing.verifyTitle(ParametersCrossBrowsing.java:65)
at java.base/java.util.ArrayList.forEach(ArrayList.java:1511)
... Removed 30 stack frames]]>
    </failure>
  </testcase> <!-- verifyTitle -->
</testsuite> <!-- Chrometest -->
